<?xml version="1.0" encoding="UTF-8"?>
<testng-results ignored="0" total="1" passed="1" failed="0" skipped="0">
  <reporter-output>
    <line>
      <![CDATA[From xl:Akshara]]>
    </line>
    <line>
      <![CDATA[Test Automation Training - Java, Selenium, API Automation]]>
    </line>
    <line>
      <![CDATA[CONTACT US]]>
    </line>
  </reporter-output>
  <suite started-at="2022-09-23T11:10:39 IST" name="Default suite" finished-at="2022-09-23T11:10:46 IST" duration-ms="6867">
    <groups>
    </groups>
    <test started-at="2022-09-23T11:10:39 IST" name="Default test" finished-at="2022-09-23T11:10:46 IST" duration-ms="6867">
      <class name="script.Test1">
        <test-method is-config="true" signature="openApp(java.lang.String)[pri:0, instance:script.Test1@4efbca5a]" started-at="2022-09-23T11:10:39 IST" name="openApp" finished-at="2022-09-23T11:10:44 IST" duration-ms="5351" status="PASS">
          <params>
            <param index="0">
              <value>
                <![CDATA[config.properties]]>
              </value>
            </param>
          </params>
          <reporter-output>
          </reporter-output>
        </test-method> <!-- openApp -->
        <test-method signature="testA()[pri:1, instance:script.Test1@4efbca5a]" started-at="2022-09-23T11:10:44 IST" name="testA" finished-at="2022-09-23T11:10:46 IST" duration-ms="1216" status="PASS">
          <reporter-output>
            <line>
              <![CDATA[From xl:Akshara]]>
            </line>
            <line>
              <![CDATA[Test Automation Training - Java, Selenium, API Automation]]>
            </line>
            <line>
              <![CDATA[CONTACT US]]>
            </line>
          </reporter-output>
        </test-method> <!-- testA -->
        <test-method is-config="true" signature="closeApp(org.testng.ITestResult)[pri:0, instance:script.Test1@4efbca5a]" started-at="2022-09-23T11:10:46 IST" name="closeApp" finished-at="2022-09-23T11:10:46 IST" duration-ms="256" status="PASS">
          <params>
            <param index="0">
              <value>
                <![CDATA[[TestResult name=testA status=SUCCESS method=Test1.testA()[pri:1, instance:script.Test1@4efbca5a] output=From xl:Akshara]]]>
              </value>
            </param>
          </params>
          <reporter-output>
          </reporter-output>
        </test-method> <!-- closeApp -->
      </class> <!-- script.Test1 -->
    </test> <!-- Default test -->
  </suite> <!-- Default suite -->
</testng-results>
